# JRE version: OpenJDK Runtime Environment (8.0_242-b01) (build 1.8.0_242-release-1644-b01)
# Java VM: OpenJDK 64-Bit Server VM (25.242-b01 mixed mode windows-amd64 compressed oops)
Heap:
 PSYoungGen      total 518656K, used 28145K [0x00000000d5580000, 0x00000000f8b80000, 0x0000000100000000)
  eden space 465408K, 6% used [0x00000000d5580000,0x00000000d70fc7d0,0x00000000f1c00000)
  from space 53248K, 0% used [0x00000000f5280000,0x00000000f5280000,0x00000000f8680000)
  to   space 55808K, 0% used [0x00000000f1c00000,0x00000000f1c00000,0x00000000f5280000)
 ParOldGen       total 208896K, used 68125K [0x0000000080000000, 0x000000008cc00000, 0x00000000d5580000)
  object space 208896K, 32% used [0x0000000080000000,0x0000000084287698,0x000000008cc00000)
 Metaspace       used 89281K, capacity 94476K, committed 97304K, reserved 1132544K
  class space    used 11634K, capacity 12768K, committed 13352K, reserved 1048576K
GC Heap History (10 events):
Event: 34.263 GC heap before
{Heap before GC invocations=18 (full 3):
 PSYoungGen      total 340992K, used 335962K [0x00000000d5580000, 0x00000000ec680000, 0x0000000100000000)
  eden space 316416K, 100% used [0x00000000d5580000,0x00000000e8a80000,0x00000000e8a80000)
  from space 24576K, 79% used [0x00000000eae80000,0x00000000ec196bf0,0x00000000ec680000)
  to   space 30720K, 0% used [0x00000000e8a80000,0x00000000e8a80000,0x00000000ea880000)
 ParOldGen       total 208896K, used 79849K [0x0000000080000000, 0x000000008cc00000, 0x00000000d5580000)
  object space 208896K, 38% used [0x0000000080000000,0x0000000084dfa4d0,0x000000008cc00000)
 Metaspace       used 78659K, capacity 83700K, committed 83864K, reserved 1122304K
  class space    used 10522K, capacity 11577K, committed 11688K, reserved 1048576K
Event: 34.346 GC heap after
Heap after GC invocations=18 (full 3):
 PSYoungGen      total 347136K, used 30717K [0x00000000d5580000, 0x00000000f2500000, 0x0000000100000000)
  eden space 316416K, 0% used [0x00000000d5580000,0x00000000d5580000,0x00000000e8a80000)
  from space 30720K, 99% used [0x00000000e8a80000,0x00000000ea87f6a8,0x00000000ea880000)
  to   space 35840K, 0% used [0x00000000f0200000,0x00000000f0200000,0x00000000f2500000)
 ParOldGen       total 208896K, used 81330K [0x0000000080000000, 0x000000008cc00000, 0x00000000d5580000)
  object space 208896K, 38% used [0x0000000080000000,0x0000000084f6cb78,0x000000008cc00000)
 Metaspace       used 78659K, capacity 83700K, committed 83864K, reserved 1122304K
  class space    used 10522K, capacity 11577K, committed 11688K, reserved 1048576K
}
Event: 37.072 GC heap before
{Heap before GC invocations=19 (full 3):
 PSYoungGen      total 347136K, used 347133K [0x00000000d5580000, 0x00000000f2500000, 0x0000000100000000)
  eden space 316416K, 100% used [0x00000000d5580000,0x00000000e8a80000,0x00000000e8a80000)
  from space 30720K, 99% used [0x00000000e8a80000,0x00000000ea87f6a8,0x00000000ea880000)
  to   space 35840K, 0% used [0x00000000f0200000,0x00000000f0200000,0x00000000f2500000)
 ParOldGen       total 208896K, used 81352K [0x0000000080000000, 0x000000008cc00000, 0x00000000d5580000)
  object space 208896K, 38% used [0x0000000080000000,0x0000000084f723e0,0x000000008cc00000)
 Metaspace       used 81691K, capacity 87050K, committed 87320K, reserved 1124352K
  class space    used 10906K, capacity 12038K, committed 12072K, reserved 1048576K
Event: 37.130 GC heap after
Heap after GC invocations=19 (full 3):
 PSYoungGen      total 434688K, used 32294K [0x00000000d5580000, 0x00000000f2d00000, 0x0000000100000000)
  eden space 398848K, 0% used [0x00000000d5580000,0x00000000d5580000,0x00000000edb00000)
  from space 35840K, 90% used [0x00000000f0200000,0x00000000f2189be0,0x00000000f2500000)
  to   space 39936K, 0% used [0x00000000edb00000,0x00000000edb00000,0x00000000f0200000)
 ParOldGen       total 208896K, used 93349K [0x0000000080000000, 0x000000008cc00000, 0x00000000d5580000)
  object space 208896K, 44% used [0x0000000080000000,0x0000000085b297f0,0x000000008cc00000)
 Metaspace       used 81691K, capacity 87050K, committed 87320K, reserved 1124352K
  class space    used 10906K, capacity 12038K, committed 12072K, reserved 1048576K
}
Event: 42.678 GC heap before
{Heap before GC invocations=20 (full 3):
 PSYoungGen      total 434688K, used 431142K [0x00000000d5580000, 0x00000000f2d00000, 0x0000000100000000)
  eden space 398848K, 100% used [0x00000000d5580000,0x00000000edb00000,0x00000000edb00000)
  from space 35840K, 90% used [0x00000000f0200000,0x00000000f2189be0,0x00000000f2500000)
  to   space 39936K, 0% used [0x00000000edb00000,0x00000000edb00000,0x00000000f0200000)
 ParOldGen       total 208896K, used 93349K [0x0000000080000000, 0x000000008cc00000, 0x00000000d5580000)
  object space 208896K, 44% used [0x0000000080000000,0x0000000085b297f0,0x000000008cc00000)
 Metaspace       used 83204K, capacity 88728K, committed 88856K, reserved 1126400K
  class space    used 11062K, capacity 12224K, committed 12328K, reserved 1048576K
Event: 42.754 GC heap after
Heap after GC invocations=20 (full 3):
 PSYoungGen      total 438784K, used 39915K [0x00000000d5580000, 0x00000000f8680000, 0x0000000100000000)
  eden space 398848K, 0% used [0x00000000d5580000,0x00000000d5580000,0x00000000edb00000)
  from space 39936K, 99% used [0x00000000edb00000,0x00000000f01fad60,0x00000000f0200000)
  to   space 53248K, 0% used [0x00000000f5280000,0x00000000f5280000,0x00000000f8680000)
 ParOldGen       total 208896K, used 113138K [0x0000000080000000, 0x000000008cc00000, 0x00000000d5580000)
  object space 208896K, 54% used [0x0000000080000000,0x0000000086e7cb48,0x000000008cc00000)
 Metaspace       used 83204K, capacity 88728K, committed 88856K, reserved 1126400K
  class space    used 11062K, capacity 12224K, committed 12328K, reserved 1048576K
}
Event: 7942.287 GC heap before
{Heap before GC invocations=21 (full 3):
 PSYoungGen      total 438784K, used 329175K [0x00000000d5580000, 0x00000000f8680000, 0x0000000100000000)
  eden space 398848K, 72% used [0x00000000d5580000,0x00000000e6ffb1a0,0x00000000edb00000)
  from space 39936K, 99% used [0x00000000edb00000,0x00000000f01fad60,0x00000000f0200000)
  to   space 53248K, 0% used [0x00000000f5280000,0x00000000f5280000,0x00000000f8680000)
 ParOldGen       total 208896K, used 113138K [0x0000000080000000, 0x000000008cc00000, 0x00000000d5580000)
  object space 208896K, 54% used [0x0000000080000000,0x0000000086e7cb48,0x000000008cc00000)
 Metaspace       used 90216K, capacity 96586K, committed 96664K, reserved 1132544K
  class space    used 11828K, capacity 13173K, committed 13224K, reserved 1048576K
Event: 7942.572 GC heap after
Heap after GC invocations=21 (full 3):
 PSYoungGen      total 518656K, used 37292K [0x00000000d5580000, 0x00000000f8b80000, 0x0000000100000000)
  eden space 465408K, 0% used [0x00000000d5580000,0x00000000d5580000,0x00000000f1c00000)
  from space 53248K, 70% used [0x00000000f5280000,0x00000000f76eb210,0x00000000f8680000)
  to   space 55808K, 0% used [0x00000000f1c00000,0x00000000f1c00000,0x00000000f5280000)
 ParOldGen       total 208896K, used 139187K [0x0000000080000000, 0x000000008cc00000, 0x00000000d5580000)
  object space 208896K, 66% used [0x0000000080000000,0x00000000887ecd08,0x000000008cc00000)
 Metaspace       used 90216K, capacity 96586K, committed 96664K, reserved 1132544K
  class space    used 11828K, capacity 13173K, committed 13224K, reserved 1048576K
}
Event: 7942.572 GC heap before
{Heap before GC invocations=22 (full 4):
 PSYoungGen      total 518656K, used 37292K [0x00000000d5580000, 0x00000000f8b80000, 0x0000000100000000)
  eden space 465408K, 0% used [0x00000000d5580000,0x00000000d5580000,0x00000000f1c00000)
  from space 53248K, 70% used [0x00000000f5280000,0x00000000f76eb210,0x00000000f8680000)
  to   space 55808K, 0% used [0x00000000f1c00000,0x00000000f1c00000,0x00000000f5280000)
 ParOldGen       total 208896K, used 139187K [0x0000000080000000, 0x000000008cc00000, 0x00000000d5580000)
  object space 208896K, 66% used [0x0000000080000000,0x00000000887ecd08,0x000000008cc00000)
 Metaspace       used 90216K, capacity 96586K, committed 96664K, reserved 1132544K
  class space    used 11828K, capacity 13173K, committed 13224K, reserved 1048576K
Event: 7943.254 GC heap after
Heap after GC invocations=22 (full 4):
 PSYoungGen      total 518656K, used 0K [0x00000000d5580000, 0x00000000f8b80000, 0x0000000100000000)
  eden space 465408K, 0% used [0x00000000d5580000,0x00000000d5580000,0x00000000f1c00000)
  from space 53248K, 0% used [0x00000000f5280000,0x00000000f5280000,0x00000000f8680000)
  to   space 55808K, 0% used [0x00000000f1c00000,0x00000000f1c00000,0x00000000f5280000)
 ParOldGen       total 208896K, used 68125K [0x0000000080000000, 0x000000008cc00000, 0x00000000d5580000)
  object space 208896K, 32% used [0x0000000080000000,0x0000000084287698,0x000000008cc00000)
 Metaspace       used 88673K, capacity 93660K, committed 96664K, reserved 1132544K
  class space    used 11529K, capacity 12626K, committed 13224K, reserved 1048576K
}

